<?xml version="1.0" encoding="UTF-8"?>
<!-- Generated by org.testng.reporters.JUnitReportReporter -->
<testsuite hostname="DESKTOP-J2GPLLS" failures="0" tests="1" name="amazonproject.Loginpagetest" time="29.717" errors="0" timestamp="2022-08-22T16:02:42 IST" skipped="0">
  <testcase classname="amazonproject.Loginpagetest" name="openbrowser" time="29.717"/>
  <system-out/>
</testsuite> <!-- amazonproject.Loginpagetest -->
